{
  "stats": {
    "suites": 1,
    "tests": 10,
    "passes": 10,
    "pending": 0,
    "failures": 0,
    "start": "2020-07-29T00:55:20.073Z",
    "end": "2020-07-29T00:55:52.376Z",
    "duration": 32303,
    "testsRegistered": 10,
    "passPercent": 100,
    "pendingPercent": 0,
    "other": 0,
    "hasOther": false,
    "skipped": 0,
    "hasSkipped": false
  },
  "results": [
    {
      "uuid": "3766a5b6-0f36-4511-97f1-e141ef87f36d",
      "title": "",
      "fullFile": "cypress\\integration\\Test\\swaglabs.spec.js",
      "file": "cypress\\integration\\Test\\swaglabs.spec.js",
      "beforeHooks": [],
      "afterHooks": [],
      "tests": [],
      "suites": [
        {
          "uuid": "b428691d-68fd-4eec-859d-d10ecaf7ea01",
          "title": "My portfolio project on saucedemo.com/",
          "fullFile": "",
          "file": "",
          "beforeHooks": [],
          "afterHooks": [],
          "tests": [
            {
              "title": "SD001 - Should Log In",
              "fullTitle": "My portfolio project on saucedemo.com/ SD001 - Should Log In",
              "timedOut": null,
              "duration": 15936,
              "state": "passed",
              "speed": "slow",
              "pass": true,
              "fail": false,
              "pending": false,
              "context": null,
              "code": "cy.get('@data').then(function (data) {\n  cy.logIn(data);\n  cy.url().should('include', 'inventory', 'The URL is not the expected');\n});",
              "err": {},
              "uuid": "6154af7d-a8fd-4df6-a652-194af2bbdf9c",
              "parentUUID": "b428691d-68fd-4eec-859d-d10ecaf7ea01",
              "isHook": false,
              "skipped": false
            },
            {
              "title": "Should go to cart an be empty",
              "fullTitle": "My portfolio project on saucedemo.com/ Should go to cart an be empty",
              "timedOut": null,
              "duration": 1730,
              "state": "passed",
              "speed": "slow",
              "pass": true,
              "fail": false,
              "pending": false,
              "context": null,
              "code": "cy.goToCart();\ncy.get('.cart_item').should('not.exist');",
              "err": {},
              "uuid": "4531082f-7962-4ba5-aea2-553fea26d2e6",
              "parentUUID": "b428691d-68fd-4eec-859d-d10ecaf7ea01",
              "isHook": false,
              "skipped": false
            },
            {
              "title": "SD002 - Should order A to Z",
              "fullTitle": "My portfolio project on saucedemo.com/ SD002 - Should order A to Z",
              "timedOut": null,
              "duration": 4164,
              "state": "passed",
              "speed": "slow",
              "pass": true,
              "fail": false,
              "pending": false,
              "context": null,
              "code": "cy.headerMenu().allItems();\ncy.sortProductsBy(1);\ncy.get('.inventory_list > :nth-child(1) .inventory_item_name').should('have.text', 'Sauce Labs Backpack');",
              "err": {},
              "uuid": "142b346b-3470-4319-8f6e-25906316346e",
              "parentUUID": "b428691d-68fd-4eec-859d-d10ecaf7ea01",
              "isHook": false,
              "skipped": false
            },
            {
              "title": "Should order Z to A",
              "fullTitle": "My portfolio project on saucedemo.com/ Should order Z to A",
              "timedOut": null,
              "duration": 317,
              "state": "passed",
              "speed": "slow",
              "pass": true,
              "fail": false,
              "pending": false,
              "context": null,
              "code": "cy.sortProductsBy(2);\ncy.get('.inventory_list > :nth-child(1) .inventory_item_name').should('have.text', 'Test.allTheThings() T-Shirt (Red)');",
              "err": {},
              "uuid": "84be6971-5b76-4bad-ab0d-fe8bdce1e9d1",
              "parentUUID": "b428691d-68fd-4eec-859d-d10ecaf7ea01",
              "isHook": false,
              "skipped": false
            },
            {
              "title": "Should order Low to High Price",
              "fullTitle": "My portfolio project on saucedemo.com/ Should order Low to High Price",
              "timedOut": null,
              "duration": 552,
              "state": "passed",
              "speed": "slow",
              "pass": true,
              "fail": false,
              "pending": false,
              "context": null,
              "code": "cy.sortProductsBy(3);\ncy.get('.inventory_list > :nth-child(1) .inventory_item_name').should('have.text', 'Sauce Labs Onesie');",
              "err": {},
              "uuid": "9e6b7212-82cd-4f4e-bd49-48bd82ccabd7",
              "parentUUID": "b428691d-68fd-4eec-859d-d10ecaf7ea01",
              "isHook": false,
              "skipped": false
            },
            {
              "title": "Should order High to Low Price",
              "fullTitle": "My portfolio project on saucedemo.com/ Should order High to Low Price",
              "timedOut": null,
              "duration": 474,
              "state": "passed",
              "speed": "slow",
              "pass": true,
              "fail": false,
              "pending": false,
              "context": null,
              "code": "cy.sortProductsBy(4);\ncy.get('.inventory_list > :nth-child(1) .inventory_item_name').should('have.text', 'Sauce Labs Fleece Jacket');",
              "err": {},
              "uuid": "f465c9d2-e0de-4474-8371-70c939ce6b18",
              "parentUUID": "b428691d-68fd-4eec-859d-d10ecaf7ea01",
              "isHook": false,
              "skipped": false
            },
            {
              "title": "Should add 3 diferent items to the cart",
              "fullTitle": "My portfolio project on saucedemo.com/ Should add 3 diferent items to the cart",
              "timedOut": null,
              "duration": 3863,
              "state": "passed",
              "speed": "slow",
              "pass": true,
              "fail": false,
              "pending": false,
              "context": null,
              "code": "cy.addProduct(1);\ncy.addProduct(2);\ncy.addProduct(3);\ncy.goToCart();\ncy.get('.cart_item').should('have.length', 3);",
              "err": {},
              "uuid": "24865573-426a-465e-85a7-a4d45c0b1ecf",
              "parentUUID": "b428691d-68fd-4eec-859d-d10ecaf7ea01",
              "isHook": false,
              "skipped": false
            },
            {
              "title": "Should remove 1 items from the cart",
              "fullTitle": "My portfolio project on saucedemo.com/ Should remove 1 items from the cart",
              "timedOut": null,
              "duration": 363,
              "state": "passed",
              "speed": "slow",
              "pass": true,
              "fail": false,
              "pending": false,
              "context": null,
              "code": "cy.deleteProduct(1);\ncy.get('.cart_item').should('have.length', 2);",
              "err": {},
              "uuid": "049d42d8-70b0-4b23-95a3-03f4fcca6de5",
              "parentUUID": "b428691d-68fd-4eec-859d-d10ecaf7ea01",
              "isHook": false,
              "skipped": false
            },
            {
              "title": "Should reset  the page",
              "fullTitle": "My portfolio project on saucedemo.com/ Should reset  the page",
              "timedOut": null,
              "duration": 2126,
              "state": "passed",
              "speed": "slow",
              "pass": true,
              "fail": false,
              "pending": false,
              "context": null,
              "code": "cy.headerMenu().resetApp();\ncy.goToCart();\ncy.get('.cart_item').should('not.exist');",
              "err": {},
              "uuid": "72e2324a-f364-419b-becb-a91b0e167f4d",
              "parentUUID": "b428691d-68fd-4eec-859d-d10ecaf7ea01",
              "isHook": false,
              "skipped": false
            },
            {
              "title": "Should log Out",
              "fullTitle": "My portfolio project on saucedemo.com/ Should log Out",
              "timedOut": null,
              "duration": 1699,
              "state": "passed",
              "speed": "slow",
              "pass": true,
              "fail": false,
              "pending": false,
              "context": null,
              "code": "cy.headerMenu().logOut();\ncy.url().should('include', 'index');",
              "err": {},
              "uuid": "53a8caed-081c-4f85-a2c2-1983011c30e5",
              "parentUUID": "b428691d-68fd-4eec-859d-d10ecaf7ea01",
              "isHook": false,
              "skipped": false
            }
          ],
          "suites": [],
          "passes": [
            "6154af7d-a8fd-4df6-a652-194af2bbdf9c",
            "4531082f-7962-4ba5-aea2-553fea26d2e6",
            "142b346b-3470-4319-8f6e-25906316346e",
            "84be6971-5b76-4bad-ab0d-fe8bdce1e9d1",
            "9e6b7212-82cd-4f4e-bd49-48bd82ccabd7",
            "f465c9d2-e0de-4474-8371-70c939ce6b18",
            "24865573-426a-465e-85a7-a4d45c0b1ecf",
            "049d42d8-70b0-4b23-95a3-03f4fcca6de5",
            "72e2324a-f364-419b-becb-a91b0e167f4d",
            "53a8caed-081c-4f85-a2c2-1983011c30e5"
          ],
          "failures": [],
          "pending": [],
          "skipped": [],
          "duration": 31224,
          "root": false,
          "rootEmpty": false,
          "_timeout": 2000
        }
      ],
      "passes": [],
      "failures": [],
      "pending": [],
      "skipped": [],
      "duration": 0,
      "root": true,
      "rootEmpty": true,
      "_timeout": 2000
    }
  ],
  "meta": {
    "mocha": {
      "version": "7.0.1"
    },
    "mochawesome": {
      "options": {
        "quiet": false,
        "reportFilename": "mochawesome",
        "saveHtml": true,
        "saveJson": true,
        "consoleReporter": "spec",
        "useInlineDiffs": false,
        "code": true
      },
      "version": "6.1.1"
    },
    "marge": {
      "options": null,
      "version": "5.1.0"
    }
  }
}